[debug] [2023-02-14T14:01:04.714Z] ----------------------------------------------------------------------
[debug] [2023-02-14T14:01:04.716Z] Command:       C:\Program Files\nodejs\node.exe C:\Users\Александр\AppData\Roaming\npm\node_modules\firebase-tools\lib\bin\firebase.js init
[debug] [2023-02-14T14:01:04.717Z] CLI Version:   11.23.0
[debug] [2023-02-14T14:01:04.717Z] Platform:      win32
[debug] [2023-02-14T14:01:04.718Z] Node Version:  v18.14.0
[debug] [2023-02-14T14:01:04.719Z] Time:          Tue Feb 14 2023 16:01:04 GMT+0200 (за східноєвропейським стандартним часом)
[debug] [2023-02-14T14:01:04.719Z] ----------------------------------------------------------------------
[debug] 
[debug] [2023-02-14T14:01:04.728Z] > command requires scopes: ["email","openid","https://www.googleapis.com/auth/cloudplatformprojects.readonly","https://www.googleapis.com/auth/firebase","https://www.googleapis.com/auth/cloud-platform"]
[debug] [2023-02-14T14:01:04.729Z] > authorizing via signed-in user (aleks742045@gmail.com)
[info] 
     ######## #### ########  ######## ########     ###     ######  ########
     ##        ##  ##     ## ##       ##     ##  ##   ##  ##       ##
     ######    ##  ########  ######   ########  #########  ######  ######
     ##        ##  ##    ##  ##       ##     ## ##     ##       ## ##
     ##       #### ##     ## ######## ########  ##     ##  ######  ########

You're about to initialize a Firebase project in this directory:

  D:\IT\React Udemy\marvel-app

[info] 
=== Project Setup
[info] 
[info] First, let's associate this project directory with a Firebase project.
[info] You can create multiple project aliases by running firebase use --add, 
[info] but for now we'll just set up a default project.
[info] 
[info] i  If you want to create a project in a Google Cloud organization or folder, please use "firebase projects:create" instead, and return to this command when you've created the project. 
[debug] [2023-02-14T14:02:14.780Z] >>> [apiv2][query] POST https://cloudresourcemanager.googleapis.com/v1/projects [none]
[debug] [2023-02-14T14:02:14.780Z] >>> [apiv2][body] POST https://cloudresourcemanager.googleapis.com/v1/projects {"projectId":"marvel-app","name":"y"}
[debug] [2023-02-14T14:02:15.712Z] <<< [apiv2][status] POST https://cloudresourcemanager.googleapis.com/v1/projects 400
[debug] [2023-02-14T14:02:15.712Z] <<< [apiv2][body] POST https://cloudresourcemanager.googleapis.com/v1/projects {"error":{"code":400,"message":"field [display_name] has issue [project display name must be at least 4 characters]","status":"INVALID_ARGUMENT","details":[{"@type":"type.googleapis.com/google.rpc.BadRequest","fieldViolations":[{"field":"display_name","description":"project display name must be at least 4 characters"}]},{"@type":"type.googleapis.com/google.rpc.Help","links":[{"url":"https://cloud.google.com/resource-manager/reference/rest/v1/projects"}]}]}}
[debug] [2023-02-14T14:02:15.869Z] FirebaseError: HTTP Error: 400, field [display_name] has issue [project display name must be at least 4 characters]
    at responseToError (C:\Users\Александр\AppData\Roaming\npm\node_modules\firebase-tools\lib\responseToError.js:49:12)
    at RetryOperation._fn (C:\Users\Александр\AppData\Roaming\npm\node_modules\firebase-tools\lib\apiv2.js:288:77)
    at process.processTicksAndRejections (node:internal/process/task_queues:95:5)
[error] 
[error] Error: Failed to create project. See firebase-debug.log for more info.
